# JRE version: OpenJDK Runtime Environment Temurin-17.0.10+7 (17.0.10+7) (build 17.0.10+7)
# Java VM: OpenJDK 64-Bit Server VM Temurin-17.0.10+7 (17.0.10+7, mixed mode, tiered, compressed oops, compressed class ptrs, parallel gc, windows-amd64)
GC Precious Log:
 CPUs: 16 total, 16 available
 Memory: 15773M
 Large Page Support: Disabled
 NUMA Support: Disabled
 Compressed Oops: Enabled (32-bit)
 Alignments: Space 512K, Generation 512K, Heap 2M
 Heap Min Capacity: 100M
 Heap Initial Capacity: 100M
 Heap Max Capacity: 1G
 Pre-touch: Disabled
 Parallel Workers: 13
Heap:
 PSYoungGen      total 29696K, used 21858K [0x00000000eab00000, 0x00000000ed380000, 0x0000000100000000)
  eden space 17920K, 57% used [0x00000000eab00000,0x00000000eb524000,0x00000000ebc80000)
  from space 11776K, 97% used [0x00000000ebc80000,0x00000000ec7b48a0,0x00000000ec800000)
  to   space 11776K, 0% used [0x00000000ec800000,0x00000000ec800000,0x00000000ed380000)
 ParOldGen       total 267264K, used 236260K [0x00000000c0000000, 0x00000000d0500000, 0x00000000eab00000)
  object space 267264K, 88% used [0x00000000c0000000,0x00000000ce6b9070,0x00000000d0500000)
 Metaspace       used 77175K, committed 78656K, reserved 1179648K
  class space    used 7946K, committed 8576K, reserved 1048576K
GC Heap History (20 events):
Event: 16.684 GC heap before
{Heap before GC invocations=171 (full 10):
 PSYoungGen      total 23552K, used 23500K [0x00000000eab00000, 0x00000000ec600000, 0x0000000100000000)
  eden space 20992K, 99% used [0x00000000eab00000,0x00000000ebf7b758,0x00000000ebf80000)
  from space 2560K, 98% used [0x00000000ebf80000,0x00000000ec1f79c8,0x00000000ec200000)
  to   space 3072K, 0% used [0x00000000ec300000,0x00000000ec300000,0x00000000ec600000)
 ParOldGen       total 382976K, used 359480K [0x00000000c0000000, 0x00000000d7600000, 0x00000000eab00000)
  object space 382976K, 93% used [0x00000000c0000000,0x00000000d5f0e0e0,0x00000000d7600000)
 Metaspace       used 75930K, committed 77312K, reserved 1179648K
  class space    used 7846K, committed 8448K, reserved 1048576K
}
Event: 16.687 GC heap after
{Heap after GC invocations=171 (full 10):
 PSYoungGen      total 24064K, used 3070K [0x00000000eab00000, 0x00000000ec780000, 0x0000000100000000)
  eden space 20992K, 0% used [0x00000000eab00000,0x00000000eab00000,0x00000000ebf80000)
  from space 3072K, 99% used [0x00000000ec300000,0x00000000ec5ff818,0x00000000ec600000)
  to   space 3584K, 0% used [0x00000000ebf80000,0x00000000ebf80000,0x00000000ec300000)
 ParOldGen       total 382976K, used 359702K [0x00000000c0000000, 0x00000000d7600000, 0x00000000eab00000)
  object space 382976K, 93% used [0x00000000c0000000,0x00000000d5f45ac8,0x00000000d7600000)
 Metaspace       used 75930K, committed 77312K, reserved 1179648K
  class space    used 7846K, committed 8448K, reserved 1048576K
}
Event: 16.834 GC heap before
{Heap before GC invocations=172 (full 10):
 PSYoungGen      total 24064K, used 19805K [0x00000000eab00000, 0x00000000ec780000, 0x0000000100000000)
  eden space 20992K, 79% used [0x00000000eab00000,0x00000000ebb57eb8,0x00000000ebf80000)
  from space 3072K, 99% used [0x00000000ec300000,0x00000000ec5ff818,0x00000000ec600000)
  to   space 3584K, 0% used [0x00000000ebf80000,0x00000000ebf80000,0x00000000ec300000)
 ParOldGen       total 382976K, used 359702K [0x00000000c0000000, 0x00000000d7600000, 0x00000000eab00000)
  object space 382976K, 93% used [0x00000000c0000000,0x00000000d5f45ac8,0x00000000d7600000)
 Metaspace       used 76406K, committed 77888K, reserved 1179648K
  class space    used 7899K, committed 8512K, reserved 1048576K
}
Event: 16.839 GC heap after
{Heap after GC invocations=172 (full 10):
 PSYoungGen      total 24576K, used 2727K [0x00000000eab00000, 0x00000000ec680000, 0x0000000100000000)
  eden space 20992K, 0% used [0x00000000eab00000,0x00000000eab00000,0x00000000ebf80000)
  from space 3584K, 76% used [0x00000000ebf80000,0x00000000ec229c10,0x00000000ec300000)
  to   space 3072K, 0% used [0x00000000ec380000,0x00000000ec380000,0x00000000ec680000)
 ParOldGen       total 382976K, used 367055K [0x00000000c0000000, 0x00000000d7600000, 0x00000000eab00000)
  object space 382976K, 95% used [0x00000000c0000000,0x00000000d6673d48,0x00000000d7600000)
 Metaspace       used 76406K, committed 77888K, reserved 1179648K
  class space    used 7899K, committed 8512K, reserved 1048576K
}
Event: 16.879 GC heap before
{Heap before GC invocations=173 (full 11):
 PSYoungGen      total 24576K, used 23719K [0x00000000eab00000, 0x00000000ec680000, 0x0000000100000000)
  eden space 20992K, 100% used [0x00000000eab00000,0x00000000ebf80000,0x00000000ebf80000)
  from space 3584K, 76% used [0x00000000ebf80000,0x00000000ec229c10,0x00000000ec300000)
  to   space 3072K, 0% used [0x00000000ec380000,0x00000000ec380000,0x00000000ec680000)
 ParOldGen       total 394240K, used 393384K [0x00000000c0000000, 0x00000000d8100000, 0x00000000eab00000)
  object space 394240K, 99% used [0x00000000c0000000,0x00000000d802a2f8,0x00000000d8100000)
 Metaspace       used 76418K, committed 77888K, reserved 1179648K
  class space    used 7900K, committed 8512K, reserved 1048576K
}
Event: 16.965 GC heap after
{Heap after GC invocations=173 (full 11):
 PSYoungGen      total 23040K, used 0K [0x00000000eab00000, 0x00000000ec580000, 0x0000000100000000)
  eden space 20992K, 0% used [0x00000000eab00000,0x00000000eab00000,0x00000000ebf80000)
  from space 2048K, 0% used [0x00000000ec380000,0x00000000ec380000,0x00000000ec580000)
  to   space 3072K, 0% used [0x00000000ebf80000,0x00000000ebf80000,0x00000000ec280000)
 ParOldGen       total 267264K, used 195910K [0x00000000c0000000, 0x00000000d0500000, 0x00000000eab00000)
  object space 267264K, 73% used [0x00000000c0000000,0x00000000cbf51b90,0x00000000d0500000)
 Metaspace       used 76418K, committed 77888K, reserved 1179648K
  class space    used 7900K, committed 8512K, reserved 1048576K
}
Event: 17.003 GC heap before
{Heap before GC invocations=174 (full 11):
 PSYoungGen      total 23040K, used 20992K [0x00000000eab00000, 0x00000000ec580000, 0x0000000100000000)
  eden space 20992K, 100% used [0x00000000eab00000,0x00000000ebf80000,0x00000000ebf80000)
  from space 2048K, 0% used [0x00000000ec380000,0x00000000ec380000,0x00000000ec580000)
  to   space 3072K, 0% used [0x00000000ebf80000,0x00000000ebf80000,0x00000000ec280000)
 ParOldGen       total 267264K, used 195910K [0x00000000c0000000, 0x00000000d0500000, 0x00000000eab00000)
  object space 267264K, 73% used [0x00000000c0000000,0x00000000cbf51b90,0x00000000d0500000)
 Metaspace       used 76441K, committed 77888K, reserved 1179648K
  class space    used 7900K, committed 8512K, reserved 1048576K
}
Event: 17.008 GC heap after
{Heap after GC invocations=174 (full 11):
 PSYoungGen      total 24064K, used 3072K [0x00000000eab00000, 0x00000000ee080000, 0x0000000100000000)
  eden space 20992K, 0% used [0x00000000eab00000,0x00000000eab00000,0x00000000ebf80000)
  from space 3072K, 100% used [0x00000000ebf80000,0x00000000ec280000,0x00000000ec280000)
  to   space 16896K, 0% used [0x00000000ed000000,0x00000000ed000000,0x00000000ee080000)
 ParOldGen       total 267264K, used 207598K [0x00000000c0000000, 0x00000000d0500000, 0x00000000eab00000)
  object space 267264K, 77% used [0x00000000c0000000,0x00000000ccabbb90,0x00000000d0500000)
 Metaspace       used 76441K, committed 77888K, reserved 1179648K
  class space    used 7900K, committed 8512K, reserved 1048576K
}
Event: 17.033 GC heap before
{Heap before GC invocations=175 (full 11):
 PSYoungGen      total 24064K, used 24064K [0x00000000eab00000, 0x00000000ee080000, 0x0000000100000000)
  eden space 20992K, 100% used [0x00000000eab00000,0x00000000ebf80000,0x00000000ebf80000)
  from space 3072K, 100% used [0x00000000ebf80000,0x00000000ec280000,0x00000000ec280000)
  to   space 16896K, 0% used [0x00000000ed000000,0x00000000ed000000,0x00000000ee080000)
 ParOldGen       total 267264K, used 207598K [0x00000000c0000000, 0x00000000d0500000, 0x00000000eab00000)
  object space 267264K, 77% used [0x00000000c0000000,0x00000000ccabbb90,0x00000000d0500000)
 Metaspace       used 76441K, committed 77888K, reserved 1179648K
  class space    used 7900K, committed 8512K, reserved 1048576K
}
Event: 17.040 GC heap after
{Heap after GC invocations=175 (full 11):
 PSYoungGen      total 34816K, used 16896K [0x00000000eab00000, 0x00000000ee880000, 0x0000000100000000)
  eden space 17920K, 0% used [0x00000000eab00000,0x00000000eab00000,0x00000000ebc80000)
  from space 16896K, 100% used [0x00000000ed000000,0x00000000ee080000,0x00000000ee080000)
  to   space 19968K, 0% used [0x00000000ebc80000,0x00000000ebc80000,0x00000000ed000000)
 ParOldGen       total 267264K, used 209398K [0x00000000c0000000, 0x00000000d0500000, 0x00000000eab00000)
  object space 267264K, 78% used [0x00000000c0000000,0x00000000ccc7db90,0x00000000d0500000)
 Metaspace       used 76441K, committed 77888K, reserved 1179648K
  class space    used 7900K, committed 8512K, reserved 1048576K
}
Event: 17.222 GC heap before
{Heap before GC invocations=176 (full 11):
 PSYoungGen      total 34816K, used 34815K [0x00000000eab00000, 0x00000000ee880000, 0x0000000100000000)
  eden space 17920K, 99% used [0x00000000eab00000,0x00000000ebc7fd70,0x00000000ebc80000)
  from space 16896K, 100% used [0x00000000ed000000,0x00000000ee080000,0x00000000ee080000)
  to   space 19968K, 0% used [0x00000000ebc80000,0x00000000ebc80000,0x00000000ed000000)
 ParOldGen       total 267264K, used 209398K [0x00000000c0000000, 0x00000000d0500000, 0x00000000eab00000)
  object space 267264K, 78% used [0x00000000c0000000,0x00000000ccc7db90,0x00000000d0500000)
 Metaspace       used 76669K, committed 78144K, reserved 1179648K
  class space    used 7930K, committed 8576K, reserved 1048576K
}
Event: 17.230 GC heap after
{Heap after GC invocations=176 (full 11):
 PSYoungGen      total 26112K, used 7993K [0x00000000eab00000, 0x00000000ed600000, 0x0000000100000000)
  eden space 17920K, 0% used [0x00000000eab00000,0x00000000eab00000,0x00000000ebc80000)
  from space 8192K, 97% used [0x00000000ebc80000,0x00000000ec44e7d8,0x00000000ec480000)
  to   space 12288K, 0% used [0x00000000eca00000,0x00000000eca00000,0x00000000ed600000)
 ParOldGen       total 267264K, used 226382K [0x00000000c0000000, 0x00000000d0500000, 0x00000000eab00000)
  object space 267264K, 84% used [0x00000000c0000000,0x00000000cdd13b90,0x00000000d0500000)
 Metaspace       used 76669K, committed 78144K, reserved 1179648K
  class space    used 7930K, committed 8576K, reserved 1048576K
}
Event: 17.489 GC heap before
{Heap before GC invocations=177 (full 11):
 PSYoungGen      total 26112K, used 25913K [0x00000000eab00000, 0x00000000ed600000, 0x0000000100000000)
  eden space 17920K, 100% used [0x00000000eab00000,0x00000000ebc80000,0x00000000ebc80000)
  from space 8192K, 97% used [0x00000000ebc80000,0x00000000ec44e7d8,0x00000000ec480000)
  to   space 12288K, 0% used [0x00000000eca00000,0x00000000eca00000,0x00000000ed600000)
 ParOldGen       total 267264K, used 226382K [0x00000000c0000000, 0x00000000d0500000, 0x00000000eab00000)
  object space 267264K, 84% used [0x00000000c0000000,0x00000000cdd13b90,0x00000000d0500000)
 Metaspace       used 76685K, committed 78144K, reserved 1179648K
  class space    used 7930K, committed 8576K, reserved 1048576K
}
Event: 17.491 GC heap after
{Heap after GC invocations=177 (full 11):
 PSYoungGen      total 25600K, used 7190K [0x00000000eab00000, 0x00000000ed180000, 0x0000000100000000)
  eden space 17920K, 0% used [0x00000000eab00000,0x00000000eab00000,0x00000000ebc80000)
  from space 7680K, 93% used [0x00000000eca00000,0x00000000ed105848,0x00000000ed180000)
  to   space 8192K, 0% used [0x00000000ec180000,0x00000000ec180000,0x00000000ec980000)
 ParOldGen       total 267264K, used 226382K [0x00000000c0000000, 0x00000000d0500000, 0x00000000eab00000)
  object space 267264K, 84% used [0x00000000c0000000,0x00000000cdd13b90,0x00000000d0500000)
 Metaspace       used 76685K, committed 78144K, reserved 1179648K
  class space    used 7930K, committed 8576K, reserved 1048576K
}
Event: 17.592 GC heap before
{Heap before GC invocations=178 (full 11):
 PSYoungGen      total 25600K, used 25110K [0x00000000eab00000, 0x00000000ed180000, 0x0000000100000000)
  eden space 17920K, 100% used [0x00000000eab00000,0x00000000ebc80000,0x00000000ebc80000)
  from space 7680K, 93% used [0x00000000eca00000,0x00000000ed105848,0x00000000ed180000)
  to   space 8192K, 0% used [0x00000000ec180000,0x00000000ec180000,0x00000000ec980000)
 ParOldGen       total 267264K, used 226382K [0x00000000c0000000, 0x00000000d0500000, 0x00000000eab00000)
  object space 267264K, 84% used [0x00000000c0000000,0x00000000cdd13b90,0x00000000d0500000)
 Metaspace       used 76829K, committed 78272K, reserved 1179648K
  class space    used 7935K, committed 8576K, reserved 1048576K
}
Event: 17.595 GC heap after
{Heap after GC invocations=178 (full 11):
 PSYoungGen      total 26112K, used 8058K [0x00000000eab00000, 0x00000000ecd80000, 0x0000000100000000)
  eden space 17920K, 0% used [0x00000000eab00000,0x00000000eab00000,0x00000000ebc80000)
  from space 8192K, 98% used [0x00000000ec180000,0x00000000ec95ea58,0x00000000ec980000)
  to   space 4096K, 0% used [0x00000000ec980000,0x00000000ec980000,0x00000000ecd80000)
 ParOldGen       total 267264K, used 226390K [0x00000000c0000000, 0x00000000d0500000, 0x00000000eab00000)
  object space 267264K, 84% used [0x00000000c0000000,0x00000000cdd15b90,0x00000000d0500000)
 Metaspace       used 76829K, committed 78272K, reserved 1179648K
  class space    used 7935K, committed 8576K, reserved 1048576K
}
Event: 17.637 GC heap before
{Heap before GC invocations=179 (full 11):
 PSYoungGen      total 26112K, used 25978K [0x00000000eab00000, 0x00000000ecd80000, 0x0000000100000000)
  eden space 17920K, 99% used [0x00000000eab00000,0x00000000ebc7fff8,0x00000000ebc80000)
  from space 8192K, 98% used [0x00000000ec180000,0x00000000ec95ea58,0x00000000ec980000)
  to   space 4096K, 0% used [0x00000000ec980000,0x00000000ec980000,0x00000000ecd80000)
 ParOldGen       total 267264K, used 226390K [0x00000000c0000000, 0x00000000d0500000, 0x00000000eab00000)
  object space 267264K, 84% used [0x00000000c0000000,0x00000000cdd15b90,0x00000000d0500000)
 Metaspace       used 76908K, committed 78336K, reserved 1179648K
  class space    used 7938K, committed 8576K, reserved 1048576K
}
Event: 17.641 GC heap after
{Heap after GC invocations=179 (full 11):
 PSYoungGen      total 22016K, used 4085K [0x00000000eab00000, 0x00000000ed680000, 0x0000000100000000)
  eden space 17920K, 0% used [0x00000000eab00000,0x00000000eab00000,0x00000000ebc80000)
  from space 4096K, 99% used [0x00000000ec980000,0x00000000ecd7d6f0,0x00000000ecd80000)
  to   space 13312K, 0% used [0x00000000ebc80000,0x00000000ebc80000,0x00000000ec980000)
 ParOldGen       total 267264K, used 234432K [0x00000000c0000000, 0x00000000d0500000, 0x00000000eab00000)
  object space 267264K, 87% used [0x00000000c0000000,0x00000000ce4f0220,0x00000000d0500000)
 Metaspace       used 76908K, committed 78336K, reserved 1179648K
  class space    used 7938K, committed 8576K, reserved 1048576K
}
Event: 17.709 GC heap before
{Heap before GC invocations=180 (full 11):
 PSYoungGen      total 22016K, used 22005K [0x00000000eab00000, 0x00000000ed680000, 0x0000000100000000)
  eden space 17920K, 100% used [0x00000000eab00000,0x00000000ebc80000,0x00000000ebc80000)
  from space 4096K, 99% used [0x00000000ec980000,0x00000000ecd7d6f0,0x00000000ecd80000)
  to   space 13312K, 0% used [0x00000000ebc80000,0x00000000ebc80000,0x00000000ec980000)
 ParOldGen       total 267264K, used 234432K [0x00000000c0000000, 0x00000000d0500000, 0x00000000eab00000)
  object space 267264K, 87% used [0x00000000c0000000,0x00000000ce4f0220,0x00000000d0500000)
 Metaspace       used 76988K, committed 78400K, reserved 1179648K
  class space    used 7942K, committed 8576K, reserved 1048576K
}
Event: 17.715 GC heap after
{Heap after GC invocations=180 (full 11):
 PSYoungGen      total 29696K, used 11474K [0x00000000eab00000, 0x00000000ed380000, 0x0000000100000000)
  eden space 17920K, 0% used [0x00000000eab00000,0x00000000eab00000,0x00000000ebc80000)
  from space 11776K, 97% used [0x00000000ebc80000,0x00000000ec7b48a0,0x00000000ec800000)
  to   space 11776K, 0% used [0x00000000ec800000,0x00000000ec800000,0x00000000ed380000)
 ParOldGen       total 267264K, used 236260K [0x00000000c0000000, 0x00000000d0500000, 0x00000000eab00000)
  object space 267264K, 88% used [0x00000000c0000000,0x00000000ce6b9070,0x00000000d0500000)
 Metaspace       used 76988K, committed 78400K, reserved 1179648K
  class space    used 7942K, committed 8576K, reserved 1048576K
}

